<?xml version="1.0" encoding="UTF-8"?>
<!-- Generated by org.testng.reporters.JUnitReportReporter -->
<testsuite hostname="TYSS-Prabhat" failures="0" tests="4" name="adnabu.testcase.TC_003" time="0.015" errors="0" timestamp="2024-02-01T15:22:02 IST" skipped="0">
  <testcase classname="adnabu.testcase.TC_003" name="b" time="0.001"/>
  <system-out/>
  <testcase classname="adnabu.testcase.TC_003" name="a" time="0.001"/>
  <system-out/>
  <testcase classname="adnabu.testcase.TC_003" name="c" time="0.013"/>
  <system-out/>
  <testcase classname="adnabu.testcase.TC_003" name="z" time="0.000"/>
  <system-out/>
</testsuite> <!-- adnabu.testcase.TC_003 -->
