<?xml version="1.0" encoding="UTF-8"?>
<!-- Generated by org.testng.reporters.JUnitReportReporter -->
<testsuite hostname="TYSS-Prabhat" failures="0" tests="1" name="adnabu.testcase.TC_001" time="0.011" errors="0" timestamp="2023-12-12T17:33:12 IST" skipped="0">
  <testcase classname="adnabu.testcase.TC_001" name="test1" time="0.011"/>
  <system-out/>
</testsuite> <!-- adnabu.testcase.TC_001 -->
