<?xml version="1.0" encoding="UTF-8"?>
<!-- Generated by org.testng.reporters.JUnitReportReporter -->
<testsuite hostname="TYSS-Prabhat" failures="0" tests="4" name="adnabu.testcase.TC_003" time="0.028" errors="0" timestamp="2024-02-01T10:49:57 IST" skipped="0">
  <testcase classname="adnabu.testcase.TC_003" name="z" time="0.002"/>
  <system-out/>
  <testcase classname="adnabu.testcase.TC_003" name="a" time="0.021"/>
  <system-out/>
  <testcase classname="adnabu.testcase.TC_003" name="c" time="0.003"/>
  <system-out/>
  <testcase classname="adnabu.testcase.TC_003" name="b" time="0.002"/>
  <system-out/>
</testsuite> <!-- adnabu.testcase.TC_003 -->
